2022-10-15 00:18:33,604 INFO ru.volchkov.telegramBot.TelegramPeopleApplication [main] Starting TelegramPeopleApplication using Java 18 on DESKTOP-9D5BUO1 with PID 30388 (D:\TelegramBotApi\TelegramBot\target\classes started by solo in D:\TelegramBotApi\TelegramBot)
2022-10-15 00:18:33,609 INFO ru.volchkov.telegramBot.TelegramPeopleApplication [main] No active profile set, falling back to 1 default profile: "default"
2022-10-15 00:18:34,150 INFO org.springframework.boot.web.embedded.tomcat.TomcatWebServer [main] Tomcat initialized with port(s): 8080 (http)
2022-10-15 00:18:34,155 INFO org.apache.coyote.http11.Http11NioProtocol [main] Initializing ProtocolHandler ["http-nio-8080"]
2022-10-15 00:18:34,155 INFO org.apache.catalina.core.StandardService [main] Starting service [Tomcat]
2022-10-15 00:18:34,156 INFO org.apache.catalina.core.StandardEngine [main] Starting Servlet engine: [Apache Tomcat/9.0.65]
2022-10-15 00:18:34,225 INFO org.apache.catalina.core.ContainerBase.[Tomcat].[localhost].[/] [main] Initializing Spring embedded WebApplicationContext
2022-10-15 00:18:34,225 INFO org.springframework.boot.web.servlet.context.ServletWebServerApplicationContext [main] Root WebApplicationContext: initialization completed in 575 ms
2022-10-15 00:18:34,887 WARN org.springframework.boot.autoconfigure.thymeleaf.ThymeleafAutoConfiguration$DefaultTemplateResolverConfiguration [main] Cannot find template location: classpath:/templates/ (please add some templates or check your Thymeleaf configuration)
2022-10-15 00:18:34,936 INFO org.apache.coyote.http11.Http11NioProtocol [main] Starting ProtocolHandler ["http-nio-8080"]
2022-10-15 00:18:34,949 INFO org.springframework.boot.web.embedded.tomcat.TomcatWebServer [main] Tomcat started on port(s): 8080 (http) with context path ''
2022-10-15 00:18:35,024 INFO ru.volchkov.telegramBot.TelegramPeopleApplication [main] Started TelegramPeopleApplication in 1.624 seconds (JVM running for 2.142)
2022-10-15 00:25:08,164 INFO ru.volchkov.telegramBot.TelegramPeopleApplication [main] Starting TelegramPeopleApplication using Java 18 on DESKTOP-9D5BUO1 with PID 19344 (D:\TelegramBotApi\TelegramBot\target\classes started by solo in D:\TelegramBotApi\TelegramBot)
2022-10-15 00:25:08,166 INFO ru.volchkov.telegramBot.TelegramPeopleApplication [main] No active profile set, falling back to 1 default profile: "default"
2022-10-15 00:25:08,711 INFO org.springframework.boot.web.embedded.tomcat.TomcatWebServer [main] Tomcat initialized with port(s): 8080 (http)
2022-10-15 00:25:08,716 INFO org.apache.coyote.http11.Http11NioProtocol [main] Initializing ProtocolHandler ["http-nio-8080"]
2022-10-15 00:25:08,716 INFO org.apache.catalina.core.StandardService [main] Starting service [Tomcat]
2022-10-15 00:25:08,716 INFO org.apache.catalina.core.StandardEngine [main] Starting Servlet engine: [Apache Tomcat/9.0.65]
2022-10-15 00:25:08,786 INFO org.apache.catalina.core.ContainerBase.[Tomcat].[localhost].[/] [main] Initializing Spring embedded WebApplicationContext
2022-10-15 00:25:08,786 INFO org.springframework.boot.web.servlet.context.ServletWebServerApplicationContext [main] Root WebApplicationContext: initialization completed in 579 ms
2022-10-15 00:25:09,533 WARN org.springframework.boot.autoconfigure.thymeleaf.ThymeleafAutoConfiguration$DefaultTemplateResolverConfiguration [main] Cannot find template location: classpath:/templates/ (please add some templates or check your Thymeleaf configuration)
2022-10-15 00:25:09,570 INFO org.apache.coyote.http11.Http11NioProtocol [main] Starting ProtocolHandler ["http-nio-8080"]
2022-10-15 00:25:09,582 INFO org.springframework.boot.web.embedded.tomcat.TomcatWebServer [main] Tomcat started on port(s): 8080 (http) with context path ''
2022-10-15 00:25:09,662 INFO ru.volchkov.telegramBot.TelegramPeopleApplication [main] Started TelegramPeopleApplication in 1.702 seconds (JVM running for 2.224)
2022-10-15 00:54:21,367 INFO ru.volchkov.telegramBot.TelegramPeopleApplication [main] Starting TelegramPeopleApplication using Java 18 on DESKTOP-9D5BUO1 with PID 17736 (D:\TelegramBotApi\TelegramBot\target\classes started by solo in D:\TelegramBotApi\TelegramBot)
2022-10-15 00:54:21,369 INFO ru.volchkov.telegramBot.TelegramPeopleApplication [main] No active profile set, falling back to 1 default profile: "default"
2022-10-15 00:54:21,905 INFO org.springframework.boot.web.embedded.tomcat.TomcatWebServer [main] Tomcat initialized with port(s): 8080 (http)
2022-10-15 00:54:21,910 INFO org.apache.coyote.http11.Http11NioProtocol [main] Initializing ProtocolHandler ["http-nio-8080"]
2022-10-15 00:54:21,910 INFO org.apache.catalina.core.StandardService [main] Starting service [Tomcat]
2022-10-15 00:54:21,910 INFO org.apache.catalina.core.StandardEngine [main] Starting Servlet engine: [Apache Tomcat/9.0.65]
2022-10-15 00:54:21,979 INFO org.apache.catalina.core.ContainerBase.[Tomcat].[localhost].[/] [main] Initializing Spring embedded WebApplicationContext
2022-10-15 00:54:21,979 INFO org.springframework.boot.web.servlet.context.ServletWebServerApplicationContext [main] Root WebApplicationContext: initialization completed in 573 ms
2022-10-15 00:54:22,640 WARN org.springframework.boot.autoconfigure.thymeleaf.ThymeleafAutoConfiguration$DefaultTemplateResolverConfiguration [main] Cannot find template location: classpath:/templates/ (please add some templates or check your Thymeleaf configuration)
2022-10-15 00:54:22,674 INFO org.apache.coyote.http11.Http11NioProtocol [main] Starting ProtocolHandler ["http-nio-8080"]
2022-10-15 00:54:22,688 INFO org.springframework.boot.web.embedded.tomcat.TomcatWebServer [main] Tomcat started on port(s): 8080 (http) with context path ''
2022-10-15 00:54:22,764 INFO ru.volchkov.telegramBot.TelegramPeopleApplication [main] Started TelegramPeopleApplication in 1.609 seconds (JVM running for 2.219)
2022-10-15 00:54:42,535 INFO ru.volchkov.telegramBot.TelegramPeopleApplication [main] Starting TelegramPeopleApplication using Java 18 on DESKTOP-9D5BUO1 with PID 24336 (D:\TelegramBotApi\TelegramBot\target\classes started by solo in D:\TelegramBotApi\TelegramBot)
2022-10-15 00:54:42,537 INFO ru.volchkov.telegramBot.TelegramPeopleApplication [main] No active profile set, falling back to 1 default profile: "default"
2022-10-15 00:54:43,198 INFO org.springframework.boot.web.embedded.tomcat.TomcatWebServer [main] Tomcat initialized with port(s): 8080 (http)
2022-10-15 00:54:43,203 INFO org.apache.coyote.http11.Http11NioProtocol [main] Initializing ProtocolHandler ["http-nio-8080"]
2022-10-15 00:54:43,204 INFO org.apache.catalina.core.StandardService [main] Starting service [Tomcat]
2022-10-15 00:54:43,204 INFO org.apache.catalina.core.StandardEngine [main] Starting Servlet engine: [Apache Tomcat/9.0.65]
2022-10-15 00:54:43,271 INFO org.apache.catalina.core.ContainerBase.[Tomcat].[localhost].[/] [main] Initializing Spring embedded WebApplicationContext
2022-10-15 00:54:43,272 INFO org.springframework.boot.web.servlet.context.ServletWebServerApplicationContext [main] Root WebApplicationContext: initialization completed in 688 ms
2022-10-15 00:54:43,965 WARN org.springframework.boot.autoconfigure.thymeleaf.ThymeleafAutoConfiguration$DefaultTemplateResolverConfiguration [main] Cannot find template location: classpath:/templates/ (please add some templates or check your Thymeleaf configuration)
2022-10-15 00:54:44,003 INFO org.apache.coyote.http11.Http11NioProtocol [main] Starting ProtocolHandler ["http-nio-8080"]
2022-10-15 00:54:44,019 INFO org.springframework.boot.web.embedded.tomcat.TomcatWebServer [main] Tomcat started on port(s): 8080 (http) with context path ''
2022-10-15 00:54:44,091 INFO ru.volchkov.telegramBot.TelegramPeopleApplication [main] Started TelegramPeopleApplication in 1.759 seconds (JVM running for 2.343)
2022-10-15 00:56:17,639 ERROR org.telegram.telegrambots.updatesreceivers.DefaultBotSession [PeopleSpringBot Telegram Executor] Cannot invoke "org.telegram.telegrambots.meta.api.objects.Message.getChat()" because the return value of "org.telegram.telegrambots.meta.api.objects.Update.getMessage()" is null
java.lang.NullPointerException: Cannot invoke "org.telegram.telegrambots.meta.api.objects.Message.getChat()" because the return value of "org.telegram.telegrambots.meta.api.objects.Update.getMessage()" is null
	at ru.volchkov.telegramBot.service.TelegramBot.onUpdateReceived(TelegramBot.java:71)
	at java.base/java.util.ArrayList.forEach(ArrayList.java:1511)
	at org.telegram.telegrambots.meta.generics.LongPollingBot.onUpdatesReceived(LongPollingBot.java:27)
	at org.telegram.telegrambots.updatesreceivers.DefaultBotSession$HandlerThread.run(DefaultBotSession.java:317)
2022-10-15 00:56:30,873 ERROR org.telegram.telegrambots.updatesreceivers.DefaultBotSession [PeopleSpringBot Telegram Executor] Cannot invoke "org.telegram.telegrambots.meta.api.objects.Message.getChat()" because the return value of "org.telegram.telegrambots.meta.api.objects.Update.getMessage()" is null
java.lang.NullPointerException: Cannot invoke "org.telegram.telegrambots.meta.api.objects.Message.getChat()" because the return value of "org.telegram.telegrambots.meta.api.objects.Update.getMessage()" is null
	at ru.volchkov.telegramBot.service.TelegramBot.onUpdateReceived(TelegramBot.java:71)
	at java.base/java.util.ArrayList.forEach(ArrayList.java:1511)
	at org.telegram.telegrambots.meta.generics.LongPollingBot.onUpdatesReceived(LongPollingBot.java:27)
	at org.telegram.telegrambots.updatesreceivers.DefaultBotSession$HandlerThread.run(DefaultBotSession.java:317)
2022-10-15 00:57:34,632 ERROR org.telegram.telegrambots.updatesreceivers.DefaultBotSession [PeopleSpringBot Telegram Executor] Cannot invoke "org.telegram.telegrambots.meta.api.objects.Message.getChat()" because the return value of "org.telegram.telegrambots.meta.api.objects.Update.getMessage()" is null
java.lang.NullPointerException: Cannot invoke "org.telegram.telegrambots.meta.api.objects.Message.getChat()" because the return value of "org.telegram.telegrambots.meta.api.objects.Update.getMessage()" is null
	at ru.volchkov.telegramBot.service.TelegramBot.onUpdateReceived(TelegramBot.java:71)
	at java.base/java.util.ArrayList.forEach(ArrayList.java:1511)
	at org.telegram.telegrambots.meta.generics.LongPollingBot.onUpdatesReceived(LongPollingBot.java:27)
	at org.telegram.telegrambots.updatesreceivers.DefaultBotSession$HandlerThread.run(DefaultBotSession.java:317)
2022-10-15 01:00:37,275 INFO ru.volchkov.telegramBot.TelegramPeopleApplication [main] Starting TelegramPeopleApplication using Java 18 on DESKTOP-9D5BUO1 with PID 18080 (D:\TelegramBotApi\TelegramBot\target\classes started by solo in D:\TelegramBotApi\TelegramBot)
2022-10-15 01:00:37,277 INFO ru.volchkov.telegramBot.TelegramPeopleApplication [main] No active profile set, falling back to 1 default profile: "default"
2022-10-15 01:00:37,941 INFO org.springframework.boot.web.embedded.tomcat.TomcatWebServer [main] Tomcat initialized with port(s): 8080 (http)
2022-10-15 01:00:37,947 INFO org.apache.coyote.http11.Http11NioProtocol [main] Initializing ProtocolHandler ["http-nio-8080"]
2022-10-15 01:00:37,947 INFO org.apache.catalina.core.StandardService [main] Starting service [Tomcat]
2022-10-15 01:00:37,947 INFO org.apache.catalina.core.StandardEngine [main] Starting Servlet engine: [Apache Tomcat/9.0.65]
2022-10-15 01:00:38,023 INFO org.apache.catalina.core.ContainerBase.[Tomcat].[localhost].[/] [main] Initializing Spring embedded WebApplicationContext
2022-10-15 01:00:38,023 INFO org.springframework.boot.web.servlet.context.ServletWebServerApplicationContext [main] Root WebApplicationContext: initialization completed in 685 ms
2022-10-15 01:00:38,680 WARN org.springframework.boot.autoconfigure.thymeleaf.ThymeleafAutoConfiguration$DefaultTemplateResolverConfiguration [main] Cannot find template location: classpath:/templates/ (please add some templates or check your Thymeleaf configuration)
2022-10-15 01:00:38,718 INFO org.apache.coyote.http11.Http11NioProtocol [main] Starting ProtocolHandler ["http-nio-8080"]
2022-10-15 01:00:38,730 INFO org.springframework.boot.web.embedded.tomcat.TomcatWebServer [main] Tomcat started on port(s): 8080 (http) with context path ''
2022-10-15 01:00:38,803 INFO ru.volchkov.telegramBot.TelegramPeopleApplication [main] Started TelegramPeopleApplication in 1.723 seconds (JVM running for 2.333)
2022-10-15 01:01:16,406 ERROR org.telegram.telegrambots.updatesreceivers.DefaultBotSession [PeopleSpringBot Telegram Executor] Cannot invoke "org.telegram.telegrambots.meta.api.objects.Message.getChat()" because the return value of "org.telegram.telegrambots.meta.api.objects.Update.getMessage()" is null
java.lang.NullPointerException: Cannot invoke "org.telegram.telegrambots.meta.api.objects.Message.getChat()" because the return value of "org.telegram.telegrambots.meta.api.objects.Update.getMessage()" is null
	at ru.volchkov.telegramBot.service.TelegramBot.onUpdateReceived(TelegramBot.java:71)
	at java.base/java.util.ArrayList.forEach(ArrayList.java:1511)
	at org.telegram.telegrambots.meta.generics.LongPollingBot.onUpdatesReceived(LongPollingBot.java:27)
	at org.telegram.telegrambots.updatesreceivers.DefaultBotSession$HandlerThread.run(DefaultBotSession.java:317)
2022-10-15 01:10:45,926 INFO ru.volchkov.telegramBot.TelegramPeopleApplication [main] Starting TelegramPeopleApplication using Java 18 on DESKTOP-9D5BUO1 with PID 11292 (D:\TelegramBotApi\TelegramBot\target\classes started by solo in D:\TelegramBotApi\TelegramBot)
2022-10-15 01:10:45,927 INFO ru.volchkov.telegramBot.TelegramPeopleApplication [main] No active profile set, falling back to 1 default profile: "default"
2022-10-15 01:10:46,434 INFO org.springframework.boot.web.embedded.tomcat.TomcatWebServer [main] Tomcat initialized with port(s): 8080 (http)
2022-10-15 01:10:46,438 INFO org.apache.coyote.http11.Http11NioProtocol [main] Initializing ProtocolHandler ["http-nio-8080"]
2022-10-15 01:10:46,439 INFO org.apache.catalina.core.StandardService [main] Starting service [Tomcat]
2022-10-15 01:10:46,439 INFO org.apache.catalina.core.StandardEngine [main] Starting Servlet engine: [Apache Tomcat/9.0.65]
2022-10-15 01:10:46,510 INFO org.apache.catalina.core.ContainerBase.[Tomcat].[localhost].[/] [main] Initializing Spring embedded WebApplicationContext
2022-10-15 01:10:46,510 INFO org.springframework.boot.web.servlet.context.ServletWebServerApplicationContext [main] Root WebApplicationContext: initialization completed in 553 ms
2022-10-15 01:10:47,198 WARN org.springframework.boot.autoconfigure.thymeleaf.ThymeleafAutoConfiguration$DefaultTemplateResolverConfiguration [main] Cannot find template location: classpath:/templates/ (please add some templates or check your Thymeleaf configuration)
2022-10-15 01:10:47,234 INFO org.apache.coyote.http11.Http11NioProtocol [main] Starting ProtocolHandler ["http-nio-8080"]
2022-10-15 01:10:47,245 INFO org.springframework.boot.web.embedded.tomcat.TomcatWebServer [main] Tomcat started on port(s): 8080 (http) with context path ''
2022-10-15 01:10:47,321 INFO ru.volchkov.telegramBot.TelegramPeopleApplication [main] Started TelegramPeopleApplication in 1.59 seconds (JVM running for 2.065)
2022-10-15 01:11:05,159 ERROR org.telegram.telegrambots.updatesreceivers.DefaultBotSession [PeopleSpringBot Telegram Executor] Cannot invoke "org.telegram.telegrambots.meta.api.objects.Message.getChat()" because the return value of "org.telegram.telegrambots.meta.api.objects.Update.getMessage()" is null
java.lang.NullPointerException: Cannot invoke "org.telegram.telegrambots.meta.api.objects.Message.getChat()" because the return value of "org.telegram.telegrambots.meta.api.objects.Update.getMessage()" is null
	at ru.volchkov.telegramBot.service.TelegramBot.onUpdateReceived(TelegramBot.java:71)
	at java.base/java.util.ArrayList.forEach(ArrayList.java:1511)
	at org.telegram.telegrambots.meta.generics.LongPollingBot.onUpdatesReceived(LongPollingBot.java:27)
	at org.telegram.telegrambots.updatesreceivers.DefaultBotSession$HandlerThread.run(DefaultBotSession.java:317)
2022-10-15 01:11:06,312 ERROR org.telegram.telegrambots.updatesreceivers.DefaultBotSession [PeopleSpringBot Telegram Executor] Cannot invoke "org.telegram.telegrambots.meta.api.objects.Message.getChat()" because the return value of "org.telegram.telegrambots.meta.api.objects.Update.getMessage()" is null
java.lang.NullPointerException: Cannot invoke "org.telegram.telegrambots.meta.api.objects.Message.getChat()" because the return value of "org.telegram.telegrambots.meta.api.objects.Update.getMessage()" is null
	at ru.volchkov.telegramBot.service.TelegramBot.onUpdateReceived(TelegramBot.java:71)
	at java.base/java.util.ArrayList.forEach(ArrayList.java:1511)
	at org.telegram.telegrambots.meta.generics.LongPollingBot.onUpdatesReceived(LongPollingBot.java:27)
	at org.telegram.telegrambots.updatesreceivers.DefaultBotSession$HandlerThread.run(DefaultBotSession.java:317)
2022-10-15 01:13:39,940 INFO ru.volchkov.telegramBot.TelegramPeopleApplication [main] Starting TelegramPeopleApplication using Java 18 on DESKTOP-9D5BUO1 with PID 6980 (D:\TelegramBotApi\TelegramBot\target\classes started by solo in D:\TelegramBotApi\TelegramBot)
2022-10-15 01:13:39,941 INFO ru.volchkov.telegramBot.TelegramPeopleApplication [main] No active profile set, falling back to 1 default profile: "default"
2022-10-15 01:13:40,460 INFO org.springframework.boot.web.embedded.tomcat.TomcatWebServer [main] Tomcat initialized with port(s): 8080 (http)
2022-10-15 01:13:40,466 INFO org.apache.coyote.http11.Http11NioProtocol [main] Initializing ProtocolHandler ["http-nio-8080"]
2022-10-15 01:13:40,466 INFO org.apache.catalina.core.StandardService [main] Starting service [Tomcat]
2022-10-15 01:13:40,466 INFO org.apache.catalina.core.StandardEngine [main] Starting Servlet engine: [Apache Tomcat/9.0.65]
2022-10-15 01:13:40,543 INFO org.apache.catalina.core.ContainerBase.[Tomcat].[localhost].[/] [main] Initializing Spring embedded WebApplicationContext
2022-10-15 01:13:40,543 INFO org.springframework.boot.web.servlet.context.ServletWebServerApplicationContext [main] Root WebApplicationContext: initialization completed in 568 ms
2022-10-15 01:13:41,222 WARN org.springframework.boot.autoconfigure.thymeleaf.ThymeleafAutoConfiguration$DefaultTemplateResolverConfiguration [main] Cannot find template location: classpath:/templates/ (please add some templates or check your Thymeleaf configuration)
2022-10-15 01:13:41,263 INFO org.apache.coyote.http11.Http11NioProtocol [main] Starting ProtocolHandler ["http-nio-8080"]
2022-10-15 01:13:41,275 INFO org.springframework.boot.web.embedded.tomcat.TomcatWebServer [main] Tomcat started on port(s): 8080 (http) with context path ''
2022-10-15 01:13:41,350 INFO ru.volchkov.telegramBot.TelegramPeopleApplication [main] Started TelegramPeopleApplication in 1.601 seconds (JVM running for 2.116)
2022-10-15 01:13:47,017 ERROR org.telegram.telegrambots.updatesreceivers.DefaultBotSession [PeopleSpringBot Telegram Executor] Cannot invoke "org.telegram.telegrambots.meta.api.objects.Message.getChat()" because the return value of "org.telegram.telegrambots.meta.api.objects.Update.getMessage()" is null
java.lang.NullPointerException: Cannot invoke "org.telegram.telegrambots.meta.api.objects.Message.getChat()" because the return value of "org.telegram.telegrambots.meta.api.objects.Update.getMessage()" is null
	at ru.volchkov.telegramBot.service.TelegramBot.onUpdateReceived(TelegramBot.java:71)
	at java.base/java.util.ArrayList.forEach(ArrayList.java:1511)
	at org.telegram.telegrambots.meta.generics.LongPollingBot.onUpdatesReceived(LongPollingBot.java:27)
	at org.telegram.telegrambots.updatesreceivers.DefaultBotSession$HandlerThread.run(DefaultBotSession.java:317)
2022-10-15 01:13:48,799 ERROR org.telegram.telegrambots.updatesreceivers.DefaultBotSession [PeopleSpringBot Telegram Executor] Cannot invoke "org.telegram.telegrambots.meta.api.objects.Message.getChat()" because the return value of "org.telegram.telegrambots.meta.api.objects.Update.getMessage()" is null
java.lang.NullPointerException: Cannot invoke "org.telegram.telegrambots.meta.api.objects.Message.getChat()" because the return value of "org.telegram.telegrambots.meta.api.objects.Update.getMessage()" is null
	at ru.volchkov.telegramBot.service.TelegramBot.onUpdateReceived(TelegramBot.java:71)
	at java.base/java.util.ArrayList.forEach(ArrayList.java:1511)
	at org.telegram.telegrambots.meta.generics.LongPollingBot.onUpdatesReceived(LongPollingBot.java:27)
	at org.telegram.telegrambots.updatesreceivers.DefaultBotSession$HandlerThread.run(DefaultBotSession.java:317)
2022-10-15 01:14:03,960 ERROR org.telegram.telegrambots.updatesreceivers.DefaultBotSession [PeopleSpringBot Telegram Executor] Cannot invoke "org.telegram.telegrambots.meta.api.objects.Message.getChat()" because the return value of "org.telegram.telegrambots.meta.api.objects.Update.getMessage()" is null
java.lang.NullPointerException: Cannot invoke "org.telegram.telegrambots.meta.api.objects.Message.getChat()" because the return value of "org.telegram.telegrambots.meta.api.objects.Update.getMessage()" is null
	at ru.volchkov.telegramBot.service.TelegramBot.onUpdateReceived(TelegramBot.java:71)
	at java.base/java.util.ArrayList.forEach(ArrayList.java:1511)
	at org.telegram.telegrambots.meta.generics.LongPollingBot.onUpdatesReceived(LongPollingBot.java:27)
	at org.telegram.telegrambots.updatesreceivers.DefaultBotSession$HandlerThread.run(DefaultBotSession.java:317)
2022-10-15 01:14:05,110 ERROR org.telegram.telegrambots.updatesreceivers.DefaultBotSession [PeopleSpringBot Telegram Executor] Cannot invoke "org.telegram.telegrambots.meta.api.objects.Message.getChat()" because the return value of "org.telegram.telegrambots.meta.api.objects.Update.getMessage()" is null
java.lang.NullPointerException: Cannot invoke "org.telegram.telegrambots.meta.api.objects.Message.getChat()" because the return value of "org.telegram.telegrambots.meta.api.objects.Update.getMessage()" is null
	at ru.volchkov.telegramBot.service.TelegramBot.onUpdateReceived(TelegramBot.java:71)
	at java.base/java.util.ArrayList.forEach(ArrayList.java:1511)
	at org.telegram.telegrambots.meta.generics.LongPollingBot.onUpdatesReceived(LongPollingBot.java:27)
	at org.telegram.telegrambots.updatesreceivers.DefaultBotSession$HandlerThread.run(DefaultBotSession.java:317)
2022-10-15 01:22:59,392 INFO ru.volchkov.telegramBot.TelegramPeopleApplication [main] Starting TelegramPeopleApplication using Java 18 on DESKTOP-9D5BUO1 with PID 18884 (D:\TelegramBotApi\TelegramBot\target\classes started by solo in D:\TelegramBotApi\TelegramBot)
2022-10-15 01:22:59,393 INFO ru.volchkov.telegramBot.TelegramPeopleApplication [main] No active profile set, falling back to 1 default profile: "default"
2022-10-15 01:22:59,892 INFO org.springframework.boot.web.embedded.tomcat.TomcatWebServer [main] Tomcat initialized with port(s): 8080 (http)
2022-10-15 01:22:59,897 INFO org.apache.coyote.http11.Http11NioProtocol [main] Initializing ProtocolHandler ["http-nio-8080"]
2022-10-15 01:22:59,898 INFO org.apache.catalina.core.StandardService [main] Starting service [Tomcat]
2022-10-15 01:22:59,898 INFO org.apache.catalina.core.StandardEngine [main] Starting Servlet engine: [Apache Tomcat/9.0.65]
2022-10-15 01:22:59,966 INFO org.apache.catalina.core.ContainerBase.[Tomcat].[localhost].[/] [main] Initializing Spring embedded WebApplicationContext
2022-10-15 01:22:59,966 INFO org.springframework.boot.web.servlet.context.ServletWebServerApplicationContext [main] Root WebApplicationContext: initialization completed in 538 ms
2022-10-15 01:23:00,695 WARN org.springframework.boot.autoconfigure.thymeleaf.ThymeleafAutoConfiguration$DefaultTemplateResolverConfiguration [main] Cannot find template location: classpath:/templates/ (please add some templates or check your Thymeleaf configuration)
2022-10-15 01:23:00,737 INFO org.apache.coyote.http11.Http11NioProtocol [main] Starting ProtocolHandler ["http-nio-8080"]
2022-10-15 01:23:00,752 INFO org.springframework.boot.web.embedded.tomcat.TomcatWebServer [main] Tomcat started on port(s): 8080 (http) with context path ''
2022-10-15 01:23:00,831 INFO ru.volchkov.telegramBot.TelegramPeopleApplication [main] Started TelegramPeopleApplication in 1.625 seconds (JVM running for 2.134)
2022-10-15 01:23:24,849 ERROR org.telegram.telegrambots.updatesreceivers.DefaultBotSession [PeopleSpringBot Telegram Executor] Cannot invoke "org.telegram.telegrambots.meta.api.objects.Message.getChat()" because the return value of "org.telegram.telegrambots.meta.api.objects.Update.getMessage()" is null
java.lang.NullPointerException: Cannot invoke "org.telegram.telegrambots.meta.api.objects.Message.getChat()" because the return value of "org.telegram.telegrambots.meta.api.objects.Update.getMessage()" is null
	at ru.volchkov.telegramBot.service.TelegramBot.onUpdateReceived(TelegramBot.java:71)
	at java.base/java.util.ArrayList.forEach(ArrayList.java:1511)
	at org.telegram.telegrambots.meta.generics.LongPollingBot.onUpdatesReceived(LongPollingBot.java:27)
	at org.telegram.telegrambots.updatesreceivers.DefaultBotSession$HandlerThread.run(DefaultBotSession.java:317)
2022-10-15 01:23:27,993 ERROR org.telegram.telegrambots.updatesreceivers.DefaultBotSession [PeopleSpringBot Telegram Executor] Cannot invoke "org.telegram.telegrambots.meta.api.objects.Message.getChat()" because the return value of "org.telegram.telegrambots.meta.api.objects.Update.getMessage()" is null
java.lang.NullPointerException: Cannot invoke "org.telegram.telegrambots.meta.api.objects.Message.getChat()" because the return value of "org.telegram.telegrambots.meta.api.objects.Update.getMessage()" is null
	at ru.volchkov.telegramBot.service.TelegramBot.onUpdateReceived(TelegramBot.java:71)
	at java.base/java.util.ArrayList.forEach(ArrayList.java:1511)
	at org.telegram.telegrambots.meta.generics.LongPollingBot.onUpdatesReceived(LongPollingBot.java:27)
	at org.telegram.telegrambots.updatesreceivers.DefaultBotSession$HandlerThread.run(DefaultBotSession.java:317)
2022-10-15 01:28:17,571 INFO ru.volchkov.telegramBot.TelegramPeopleApplication [main] Starting TelegramPeopleApplication using Java 18 on DESKTOP-9D5BUO1 with PID 18560 (D:\TelegramBotApi\TelegramBot\target\classes started by solo in D:\TelegramBotApi\TelegramBot)
2022-10-15 01:28:17,573 INFO ru.volchkov.telegramBot.TelegramPeopleApplication [main] No active profile set, falling back to 1 default profile: "default"
2022-10-15 01:28:18,135 INFO org.springframework.boot.web.embedded.tomcat.TomcatWebServer [main] Tomcat initialized with port(s): 8080 (http)
2022-10-15 01:28:18,228 INFO org.springframework.boot.web.servlet.context.ServletWebServerApplicationContext [main] Root WebApplicationContext: initialization completed in 619 ms
2022-10-15 01:28:19,190 WARN org.springframework.boot.autoconfigure.thymeleaf.ThymeleafAutoConfiguration$DefaultTemplateResolverConfiguration [main] Cannot find template location: classpath:/templates/ (please add some templates or check your Thymeleaf configuration)
2022-10-15 01:28:19,254 INFO org.springframework.boot.web.embedded.tomcat.TomcatWebServer [main] Tomcat started on port(s): 8080 (http) with context path ''
2022-10-15 01:28:19,328 INFO ru.volchkov.telegramBot.TelegramPeopleApplication [main] Started TelegramPeopleApplication in 1.976 seconds (JVM running for 2.517)
2022-10-15 01:28:23,226 INFO ru.volchkov.telegramBot.TelegramPeopleApplication [main] Starting TelegramPeopleApplication using Java 18 on DESKTOP-9D5BUO1 with PID 21564 (D:\TelegramBotApi\TelegramBot\target\classes started by solo in D:\TelegramBotApi\TelegramBot)
2022-10-15 01:28:23,228 INFO ru.volchkov.telegramBot.TelegramPeopleApplication [main] No active profile set, falling back to 1 default profile: "default"
2022-10-15 01:28:23,770 INFO org.springframework.boot.web.embedded.tomcat.TomcatWebServer [main] Tomcat initialized with port(s): 8080 (http)
2022-10-15 01:28:23,775 INFO org.apache.coyote.http11.Http11NioProtocol [main] Initializing ProtocolHandler ["http-nio-8080"]
2022-10-15 01:28:23,775 INFO org.apache.catalina.core.StandardService [main] Starting service [Tomcat]
2022-10-15 01:28:23,775 INFO org.apache.catalina.core.StandardEngine [main] Starting Servlet engine: [Apache Tomcat/9.0.65]
2022-10-15 01:28:23,855 INFO org.apache.catalina.core.ContainerBase.[Tomcat].[localhost].[/] [main] Initializing Spring embedded WebApplicationContext
2022-10-15 01:28:23,855 INFO org.springframework.boot.web.servlet.context.ServletWebServerApplicationContext [main] Root WebApplicationContext: initialization completed in 589 ms
2022-10-15 01:28:24,551 WARN org.springframework.boot.autoconfigure.thymeleaf.ThymeleafAutoConfiguration$DefaultTemplateResolverConfiguration [main] Cannot find template location: classpath:/templates/ (please add some templates or check your Thymeleaf configuration)
2022-10-15 01:28:24,590 INFO org.apache.coyote.http11.Http11NioProtocol [main] Starting ProtocolHandler ["http-nio-8080"]
2022-10-15 01:28:24,602 INFO org.springframework.boot.web.embedded.tomcat.TomcatWebServer [main] Tomcat started on port(s): 8080 (http) with context path ''
2022-10-15 01:28:24,675 INFO ru.volchkov.telegramBot.TelegramPeopleApplication [main] Started TelegramPeopleApplication in 1.649 seconds (JVM running for 2.143)
2022-10-15 01:28:44,746 ERROR org.telegram.telegrambots.updatesreceivers.DefaultBotSession [PeopleSpringBot Telegram Executor] Cannot invoke "org.telegram.telegrambots.meta.api.objects.Message.hasText()" because the return value of "org.telegram.telegrambots.meta.api.objects.Update.getMessage()" is null
java.lang.NullPointerException: Cannot invoke "org.telegram.telegrambots.meta.api.objects.Message.hasText()" because the return value of "org.telegram.telegrambots.meta.api.objects.Update.getMessage()" is null
	at ru.volchkov.telegramBot.service.TelegramBot.onUpdateReceived(TelegramBot.java:71)
	at java.base/java.util.ArrayList.forEach(ArrayList.java:1511)
	at org.telegram.telegrambots.meta.generics.LongPollingBot.onUpdatesReceived(LongPollingBot.java:27)
	at org.telegram.telegrambots.updatesreceivers.DefaultBotSession$HandlerThread.run(DefaultBotSession.java:317)
2022-10-15 01:30:27,808 INFO ru.volchkov.telegramBot.TelegramPeopleApplication [main] Starting TelegramPeopleApplication using Java 18 on DESKTOP-9D5BUO1 with PID 9516 (D:\TelegramBotApi\TelegramBot\target\classes started by solo in D:\TelegramBotApi\TelegramBot)
2022-10-15 01:30:27,810 INFO ru.volchkov.telegramBot.TelegramPeopleApplication [main] No active profile set, falling back to 1 default profile: "default"
2022-10-15 01:30:28,327 INFO org.springframework.boot.web.embedded.tomcat.TomcatWebServer [main] Tomcat initialized with port(s): 8080 (http)
2022-10-15 01:30:28,332 INFO org.apache.coyote.http11.Http11NioProtocol [main] Initializing ProtocolHandler ["http-nio-8080"]
2022-10-15 01:30:28,332 INFO org.apache.catalina.core.StandardService [main] Starting service [Tomcat]
2022-10-15 01:30:28,332 INFO org.apache.catalina.core.StandardEngine [main] Starting Servlet engine: [Apache Tomcat/9.0.65]
2022-10-15 01:30:28,407 INFO org.apache.catalina.core.ContainerBase.[Tomcat].[localhost].[/] [main] Initializing Spring embedded WebApplicationContext
2022-10-15 01:30:28,407 INFO org.springframework.boot.web.servlet.context.ServletWebServerApplicationContext [main] Root WebApplicationContext: initialization completed in 563 ms
2022-10-15 01:30:29,090 WARN org.springframework.boot.autoconfigure.thymeleaf.ThymeleafAutoConfiguration$DefaultTemplateResolverConfiguration [main] Cannot find template location: classpath:/templates/ (please add some templates or check your Thymeleaf configuration)
2022-10-15 01:30:29,125 INFO org.apache.coyote.http11.Http11NioProtocol [main] Starting ProtocolHandler ["http-nio-8080"]
2022-10-15 01:30:29,136 INFO org.springframework.boot.web.embedded.tomcat.TomcatWebServer [main] Tomcat started on port(s): 8080 (http) with context path ''
2022-10-15 01:30:29,214 INFO ru.volchkov.telegramBot.TelegramPeopleApplication [main] Started TelegramPeopleApplication in 1.595 seconds (JVM running for 2.066)
2022-10-15 01:30:33,393 ERROR org.telegram.telegrambots.updatesreceivers.DefaultBotSession [PeopleSpringBot Telegram Executor] Cannot invoke "org.telegram.telegrambots.meta.api.objects.Message.getText()" because the return value of "org.telegram.telegrambots.meta.api.objects.Update.getMessage()" is null
java.lang.NullPointerException: Cannot invoke "org.telegram.telegrambots.meta.api.objects.Message.getText()" because the return value of "org.telegram.telegrambots.meta.api.objects.Update.getMessage()" is null
	at ru.volchkov.telegramBot.service.TelegramBot.onUpdateReceived(TelegramBot.java:81)
	at java.base/java.util.ArrayList.forEach(ArrayList.java:1511)
	at org.telegram.telegrambots.meta.generics.LongPollingBot.onUpdatesReceived(LongPollingBot.java:27)
	at org.telegram.telegrambots.updatesreceivers.DefaultBotSession$HandlerThread.run(DefaultBotSession.java:317)
2022-10-15 01:32:21,834 INFO ru.volchkov.telegramBot.TelegramPeopleApplication [main] Starting TelegramPeopleApplication using Java 18 on DESKTOP-9D5BUO1 with PID 6772 (D:\TelegramBotApi\TelegramBot\target\classes started by solo in D:\TelegramBotApi\TelegramBot)
2022-10-15 01:32:21,835 INFO ru.volchkov.telegramBot.TelegramPeopleApplication [main] No active profile set, falling back to 1 default profile: "default"
2022-10-15 01:32:22,349 INFO org.springframework.boot.web.embedded.tomcat.TomcatWebServer [main] Tomcat initialized with port(s): 8080 (http)
2022-10-15 01:32:22,353 INFO org.apache.coyote.http11.Http11NioProtocol [main] Initializing ProtocolHandler ["http-nio-8080"]
2022-10-15 01:32:22,354 INFO org.apache.catalina.core.StandardService [main] Starting service [Tomcat]
2022-10-15 01:32:22,354 INFO org.apache.catalina.core.StandardEngine [main] Starting Servlet engine: [Apache Tomcat/9.0.65]
2022-10-15 01:32:22,424 INFO org.apache.catalina.core.ContainerBase.[Tomcat].[localhost].[/] [main] Initializing Spring embedded WebApplicationContext
2022-10-15 01:32:22,424 INFO org.springframework.boot.web.servlet.context.ServletWebServerApplicationContext [main] Root WebApplicationContext: initialization completed in 551 ms
2022-10-15 01:32:23,083 WARN org.springframework.boot.autoconfigure.thymeleaf.ThymeleafAutoConfiguration$DefaultTemplateResolverConfiguration [main] Cannot find template location: classpath:/templates/ (please add some templates or check your Thymeleaf configuration)
2022-10-15 01:32:23,121 INFO org.apache.coyote.http11.Http11NioProtocol [main] Starting ProtocolHandler ["http-nio-8080"]
2022-10-15 01:32:23,137 INFO org.springframework.boot.web.embedded.tomcat.TomcatWebServer [main] Tomcat started on port(s): 8080 (http) with context path ''
2022-10-15 01:32:23,210 INFO ru.volchkov.telegramBot.TelegramPeopleApplication [main] Started TelegramPeopleApplication in 1.579 seconds (JVM running for 2.083)
2022-10-15 01:36:14,109 INFO ru.volchkov.telegramBot.TelegramPeopleApplication [main] Starting TelegramPeopleApplication using Java 18 on DESKTOP-9D5BUO1 with PID 18132 (D:\TelegramBotApi\TelegramBot\target\classes started by solo in D:\TelegramBotApi\TelegramBot)
2022-10-15 01:36:14,110 INFO ru.volchkov.telegramBot.TelegramPeopleApplication [main] No active profile set, falling back to 1 default profile: "default"
2022-10-15 01:36:14,609 INFO org.springframework.boot.web.embedded.tomcat.TomcatWebServer [main] Tomcat initialized with port(s): 8080 (http)
2022-10-15 01:36:14,615 INFO org.apache.coyote.http11.Http11NioProtocol [main] Initializing ProtocolHandler ["http-nio-8080"]
2022-10-15 01:36:14,615 INFO org.apache.catalina.core.StandardService [main] Starting service [Tomcat]
2022-10-15 01:36:14,615 INFO org.apache.catalina.core.StandardEngine [main] Starting Servlet engine: [Apache Tomcat/9.0.65]
2022-10-15 01:36:14,685 INFO org.apache.catalina.core.ContainerBase.[Tomcat].[localhost].[/] [main] Initializing Spring embedded WebApplicationContext
2022-10-15 01:36:14,685 INFO org.springframework.boot.web.servlet.context.ServletWebServerApplicationContext [main] Root WebApplicationContext: initialization completed in 542 ms
2022-10-15 01:36:15,457 WARN org.springframework.boot.autoconfigure.thymeleaf.ThymeleafAutoConfiguration$DefaultTemplateResolverConfiguration [main] Cannot find template location: classpath:/templates/ (please add some templates or check your Thymeleaf configuration)
2022-10-15 01:36:15,492 INFO org.apache.coyote.http11.Http11NioProtocol [main] Starting ProtocolHandler ["http-nio-8080"]
2022-10-15 01:36:15,503 INFO org.springframework.boot.web.embedded.tomcat.TomcatWebServer [main] Tomcat started on port(s): 8080 (http) with context path ''
2022-10-15 01:36:15,598 INFO ru.volchkov.telegramBot.TelegramPeopleApplication [main] Started TelegramPeopleApplication in 1.676 seconds (JVM running for 2.143)
2022-10-15 01:37:35,977 INFO ru.volchkov.telegramBot.TelegramPeopleApplication [main] Starting TelegramPeopleApplication using Java 18 on DESKTOP-9D5BUO1 with PID 22368 (D:\TelegramBotApi\TelegramBot\target\classes started by solo in D:\TelegramBotApi\TelegramBot)
2022-10-15 01:37:35,978 INFO ru.volchkov.telegramBot.TelegramPeopleApplication [main] No active profile set, falling back to 1 default profile: "default"
2022-10-15 01:37:36,481 INFO org.springframework.boot.web.embedded.tomcat.TomcatWebServer [main] Tomcat initialized with port(s): 8080 (http)
2022-10-15 01:37:36,485 INFO org.apache.coyote.http11.Http11NioProtocol [main] Initializing ProtocolHandler ["http-nio-8080"]
2022-10-15 01:37:36,486 INFO org.apache.catalina.core.StandardService [main] Starting service [Tomcat]
2022-10-15 01:37:36,486 INFO org.apache.catalina.core.StandardEngine [main] Starting Servlet engine: [Apache Tomcat/9.0.65]
2022-10-15 01:37:36,554 INFO org.apache.catalina.core.ContainerBase.[Tomcat].[localhost].[/] [main] Initializing Spring embedded WebApplicationContext
2022-10-15 01:37:36,554 INFO org.springframework.boot.web.servlet.context.ServletWebServerApplicationContext [main] Root WebApplicationContext: initialization completed in 535 ms
2022-10-15 01:37:37,276 WARN org.springframework.boot.autoconfigure.thymeleaf.ThymeleafAutoConfiguration$DefaultTemplateResolverConfiguration [main] Cannot find template location: classpath:/templates/ (please add some templates or check your Thymeleaf configuration)
2022-10-15 01:37:37,314 INFO org.apache.coyote.http11.Http11NioProtocol [main] Starting ProtocolHandler ["http-nio-8080"]
2022-10-15 01:37:37,325 INFO org.springframework.boot.web.embedded.tomcat.TomcatWebServer [main] Tomcat started on port(s): 8080 (http) with context path ''
2022-10-15 01:37:37,397 INFO ru.volchkov.telegramBot.TelegramPeopleApplication [main] Started TelegramPeopleApplication in 1.622 seconds (JVM running for 2.079)
2022-10-15 01:41:27,297 INFO ru.volchkov.telegramBot.TelegramPeopleApplication [main] Starting TelegramPeopleApplication using Java 18 on DESKTOP-9D5BUO1 with PID 21708 (D:\TelegramBotApi\TelegramBot\target\classes started by solo in D:\TelegramBotApi\TelegramBot)
2022-10-15 01:41:27,298 INFO ru.volchkov.telegramBot.TelegramPeopleApplication [main] No active profile set, falling back to 1 default profile: "default"
2022-10-15 01:41:27,801 INFO org.springframework.boot.web.embedded.tomcat.TomcatWebServer [main] Tomcat initialized with port(s): 8080 (http)
2022-10-15 01:41:27,808 INFO org.apache.coyote.http11.Http11NioProtocol [main] Initializing ProtocolHandler ["http-nio-8080"]
2022-10-15 01:41:27,809 INFO org.apache.catalina.core.StandardService [main] Starting service [Tomcat]
2022-10-15 01:41:27,809 INFO org.apache.catalina.core.StandardEngine [main] Starting Servlet engine: [Apache Tomcat/9.0.65]
2022-10-15 01:41:27,879 INFO org.apache.catalina.core.ContainerBase.[Tomcat].[localhost].[/] [main] Initializing Spring embedded WebApplicationContext
2022-10-15 01:41:27,879 INFO org.springframework.boot.web.servlet.context.ServletWebServerApplicationContext [main] Root WebApplicationContext: initialization completed in 545 ms
2022-10-15 01:41:28,543 WARN org.springframework.boot.autoconfigure.thymeleaf.ThymeleafAutoConfiguration$DefaultTemplateResolverConfiguration [main] Cannot find template location: classpath:/templates/ (please add some templates or check your Thymeleaf configuration)
2022-10-15 01:41:28,575 INFO org.apache.coyote.http11.Http11NioProtocol [main] Starting ProtocolHandler ["http-nio-8080"]
2022-10-15 01:41:28,586 INFO org.springframework.boot.web.embedded.tomcat.TomcatWebServer [main] Tomcat started on port(s): 8080 (http) with context path ''
2022-10-15 01:41:28,659 INFO ru.volchkov.telegramBot.TelegramPeopleApplication [main] Started TelegramPeopleApplication in 1.555 seconds (JVM running for 2.005)
2022-10-15 01:52:18,605 INFO ru.volchkov.telegramBot.TelegramPeopleApplication [main] Starting TelegramPeopleApplication using Java 18 on DESKTOP-9D5BUO1 with PID 31276 (D:\TelegramBotApi\TelegramBot\target\classes started by solo in D:\TelegramBotApi\TelegramBot)
2022-10-15 01:52:18,606 INFO ru.volchkov.telegramBot.TelegramPeopleApplication [main] No active profile set, falling back to 1 default profile: "default"
2022-10-15 01:52:19,179 INFO org.springframework.boot.web.embedded.tomcat.TomcatWebServer [main] Tomcat initialized with port(s): 8080 (http)
2022-10-15 01:52:19,186 INFO org.apache.coyote.http11.Http11NioProtocol [main] Initializing ProtocolHandler ["http-nio-8080"]
2022-10-15 01:52:19,186 INFO org.apache.catalina.core.StandardService [main] Starting service [Tomcat]
2022-10-15 01:52:19,187 INFO org.apache.catalina.core.StandardEngine [main] Starting Servlet engine: [Apache Tomcat/9.0.65]
2022-10-15 01:52:19,263 INFO org.apache.catalina.core.ContainerBase.[Tomcat].[localhost].[/] [main] Initializing Spring embedded WebApplicationContext
2022-10-15 01:52:19,263 INFO org.springframework.boot.web.servlet.context.ServletWebServerApplicationContext [main] Root WebApplicationContext: initialization completed in 622 ms
2022-10-15 01:52:19,959 WARN org.springframework.boot.autoconfigure.thymeleaf.ThymeleafAutoConfiguration$DefaultTemplateResolverConfiguration [main] Cannot find template location: classpath:/templates/ (please add some templates or check your Thymeleaf configuration)
2022-10-15 01:52:19,995 INFO org.apache.coyote.http11.Http11NioProtocol [main] Starting ProtocolHandler ["http-nio-8080"]
2022-10-15 01:52:20,009 INFO org.springframework.boot.web.embedded.tomcat.TomcatWebServer [main] Tomcat started on port(s): 8080 (http) with context path ''
2022-10-15 01:52:20,099 INFO ru.volchkov.telegramBot.TelegramPeopleApplication [main] Started TelegramPeopleApplication in 1.69 seconds (JVM running for 2.183)
2022-10-15 02:06:12,453 INFO ru.volchkov.telegramBot.TelegramPeopleApplication [main] Starting TelegramPeopleApplication using Java 18 on DESKTOP-9D5BUO1 with PID 14444 (D:\TelegramBotApi\TelegramBot\target\classes started by solo in D:\TelegramBotApi\TelegramBot)
2022-10-15 02:06:12,454 INFO ru.volchkov.telegramBot.TelegramPeopleApplication [main] No active profile set, falling back to 1 default profile: "default"
2022-10-15 02:06:12,963 INFO org.springframework.boot.web.embedded.tomcat.TomcatWebServer [main] Tomcat initialized with port(s): 8080 (http)
2022-10-15 02:06:12,969 INFO org.apache.coyote.http11.Http11NioProtocol [main] Initializing ProtocolHandler ["http-nio-8080"]
2022-10-15 02:06:12,970 INFO org.apache.catalina.core.StandardService [main] Starting service [Tomcat]
2022-10-15 02:06:12,970 INFO org.apache.catalina.core.StandardEngine [main] Starting Servlet engine: [Apache Tomcat/9.0.65]
2022-10-15 02:06:13,041 INFO org.apache.catalina.core.ContainerBase.[Tomcat].[localhost].[/] [main] Initializing Spring embedded WebApplicationContext
2022-10-15 02:06:13,041 INFO org.springframework.boot.web.servlet.context.ServletWebServerApplicationContext [main] Root WebApplicationContext: initialization completed in 552 ms
2022-10-15 02:06:13,775 WARN org.springframework.boot.autoconfigure.thymeleaf.ThymeleafAutoConfiguration$DefaultTemplateResolverConfiguration [main] Cannot find template location: classpath:/templates/ (please add some templates or check your Thymeleaf configuration)
2022-10-15 02:06:13,811 INFO org.apache.coyote.http11.Http11NioProtocol [main] Starting ProtocolHandler ["http-nio-8080"]
2022-10-15 02:06:13,825 INFO org.springframework.boot.web.embedded.tomcat.TomcatWebServer [main] Tomcat started on port(s): 8080 (http) with context path ''
2022-10-15 02:06:13,901 INFO ru.volchkov.telegramBot.TelegramPeopleApplication [main] Started TelegramPeopleApplication in 1.634 seconds (JVM running for 2.099)
2022-10-15 02:07:28,789 INFO ru.volchkov.telegramBot.service.TelegramBot [PeopleSpringBot Telegram Executor] Replied to user Daniil
2022-10-15 02:09:03,275 INFO ru.volchkov.telegramBot.TelegramPeopleApplication [main] Starting TelegramPeopleApplication using Java 18 on DESKTOP-9D5BUO1 with PID 15708 (D:\TelegramBotApi\TelegramBot\target\classes started by solo in D:\TelegramBotApi\TelegramBot)
2022-10-15 02:09:03,276 INFO ru.volchkov.telegramBot.TelegramPeopleApplication [main] No active profile set, falling back to 1 default profile: "default"
2022-10-15 02:09:03,821 INFO org.springframework.boot.web.embedded.tomcat.TomcatWebServer [main] Tomcat initialized with port(s): 8080 (http)
2022-10-15 02:09:03,829 INFO org.apache.coyote.http11.Http11NioProtocol [main] Initializing ProtocolHandler ["http-nio-8080"]
2022-10-15 02:09:03,830 INFO org.apache.catalina.core.StandardService [main] Starting service [Tomcat]
2022-10-15 02:09:03,830 INFO org.apache.catalina.core.StandardEngine [main] Starting Servlet engine: [Apache Tomcat/9.0.65]
2022-10-15 02:09:03,905 INFO org.apache.catalina.core.ContainerBase.[Tomcat].[localhost].[/] [main] Initializing Spring embedded WebApplicationContext
2022-10-15 02:09:03,905 INFO org.springframework.boot.web.servlet.context.ServletWebServerApplicationContext [main] Root WebApplicationContext: initialization completed in 594 ms
2022-10-15 02:09:04,566 WARN org.springframework.boot.autoconfigure.thymeleaf.ThymeleafAutoConfiguration$DefaultTemplateResolverConfiguration [main] Cannot find template location: classpath:/templates/ (please add some templates or check your Thymeleaf configuration)
2022-10-15 02:09:04,603 INFO org.apache.coyote.http11.Http11NioProtocol [main] Starting ProtocolHandler ["http-nio-8080"]
2022-10-15 02:09:04,615 INFO org.springframework.boot.web.embedded.tomcat.TomcatWebServer [main] Tomcat started on port(s): 8080 (http) with context path ''
2022-10-15 02:09:04,697 INFO ru.volchkov.telegramBot.TelegramPeopleApplication [main] Started TelegramPeopleApplication in 1.618 seconds (JVM running for 2.193)
2022-10-15 02:09:30,739 INFO ru.volchkov.telegramBot.service.TelegramBot [PeopleSpringBot Telegram Executor] Replied to user Daniil
2022-10-15 02:11:24,448 INFO ru.volchkov.telegramBot.TelegramPeopleApplication [main] Starting TelegramPeopleApplication using Java 18 on DESKTOP-9D5BUO1 with PID 2208 (D:\TelegramBotApi\TelegramBot\target\classes started by solo in D:\TelegramBotApi\TelegramBot)
2022-10-15 02:11:24,450 INFO ru.volchkov.telegramBot.TelegramPeopleApplication [main] No active profile set, falling back to 1 default profile: "default"
2022-10-15 02:11:24,965 INFO org.springframework.boot.web.embedded.tomcat.TomcatWebServer [main] Tomcat initialized with port(s): 8080 (http)
2022-10-15 02:11:24,970 INFO org.apache.coyote.http11.Http11NioProtocol [main] Initializing ProtocolHandler ["http-nio-8080"]
2022-10-15 02:11:24,970 INFO org.apache.catalina.core.StandardService [main] Starting service [Tomcat]
2022-10-15 02:11:24,970 INFO org.apache.catalina.core.StandardEngine [main] Starting Servlet engine: [Apache Tomcat/9.0.65]
2022-10-15 02:11:25,043 INFO org.apache.catalina.core.ContainerBase.[Tomcat].[localhost].[/] [main] Initializing Spring embedded WebApplicationContext
2022-10-15 02:11:25,043 INFO org.springframework.boot.web.servlet.context.ServletWebServerApplicationContext [main] Root WebApplicationContext: initialization completed in 559 ms
2022-10-15 02:11:25,744 WARN org.springframework.boot.autoconfigure.thymeleaf.ThymeleafAutoConfiguration$DefaultTemplateResolverConfiguration [main] Cannot find template location: classpath:/templates/ (please add some templates or check your Thymeleaf configuration)
2022-10-15 02:11:25,780 INFO org.apache.coyote.http11.Http11NioProtocol [main] Starting ProtocolHandler ["http-nio-8080"]
2022-10-15 02:11:25,795 INFO org.springframework.boot.web.embedded.tomcat.TomcatWebServer [main] Tomcat started on port(s): 8080 (http) with context path ''
2022-10-15 02:11:25,895 INFO ru.volchkov.telegramBot.TelegramPeopleApplication [main] Started TelegramPeopleApplication in 1.644 seconds (JVM running for 2.148)
2022-10-15 02:12:18,695 INFO ru.volchkov.telegramBot.TelegramPeopleApplication [main] Starting TelegramPeopleApplication using Java 18 on DESKTOP-9D5BUO1 with PID 31212 (D:\TelegramBotApi\TelegramBot\target\classes started by solo in D:\TelegramBotApi\TelegramBot)
2022-10-15 02:12:18,697 INFO ru.volchkov.telegramBot.TelegramPeopleApplication [main] No active profile set, falling back to 1 default profile: "default"
2022-10-15 02:12:19,224 INFO org.springframework.boot.web.embedded.tomcat.TomcatWebServer [main] Tomcat initialized with port(s): 8080 (http)
2022-10-15 02:12:19,229 INFO org.apache.coyote.http11.Http11NioProtocol [main] Initializing ProtocolHandler ["http-nio-8080"]
2022-10-15 02:12:19,229 INFO org.apache.catalina.core.StandardService [main] Starting service [Tomcat]
2022-10-15 02:12:19,229 INFO org.apache.catalina.core.StandardEngine [main] Starting Servlet engine: [Apache Tomcat/9.0.65]
2022-10-15 02:12:19,298 INFO org.apache.catalina.core.ContainerBase.[Tomcat].[localhost].[/] [main] Initializing Spring embedded WebApplicationContext
2022-10-15 02:12:19,298 INFO org.springframework.boot.web.servlet.context.ServletWebServerApplicationContext [main] Root WebApplicationContext: initialization completed in 566 ms
2022-10-15 02:12:20,022 WARN org.springframework.boot.autoconfigure.thymeleaf.ThymeleafAutoConfiguration$DefaultTemplateResolverConfiguration [main] Cannot find template location: classpath:/templates/ (please add some templates or check your Thymeleaf configuration)
2022-10-15 02:12:20,083 INFO org.apache.coyote.http11.Http11NioProtocol [main] Starting ProtocolHandler ["http-nio-8080"]
2022-10-15 02:12:20,096 INFO org.springframework.boot.web.embedded.tomcat.TomcatWebServer [main] Tomcat started on port(s): 8080 (http) with context path ''
2022-10-15 02:12:20,175 INFO ru.volchkov.telegramBot.TelegramPeopleApplication [main] Started TelegramPeopleApplication in 1.663 seconds (JVM running for 2.117)
2022-10-15 02:12:36,075 INFO ru.volchkov.telegramBot.service.TelegramBot [PeopleSpringBot Telegram Executor] Replied to user Daniil
